<?xml version="1.0" encoding="UTF-8"?>
<!-- Generated by org.testng.reporters.JUnitReportReporter -->
<testsuite hostname="ravi" name="POMinSelenium.VerifyLogin" tests="1" failures="0" timestamp="12 Apr 2022 09:26:35 GMT" time="17.529" errors="0">
  <testcase name="TestUser" time="17.529" classname="POMinSelenium.VerifyLogin"/>
</testsuite> <!-- POMinSelenium.VerifyLogin -->
